<?xml version="1.0" encoding="UTF-8"?>
<!-- Generated by org.testng.reporters.JUnitXMLReporter -->
<testsuite ignored="0" hostname="GOWTHAM" failures="0" tests="4" name="Linux-ChromeTest" time="0.285" errors="0" timestamp="2025-01-22T10:21:15 IST">
  <testcase classname="testCases.ReUsed" name="@BeforeClass SetUp" time="0.018">
    <failure type="java.lang.Error" message="Unresolved compilation problems: 
	Driver_setup cannot be resolved
	EdgeDriver_Setup cannot be resolved
">
      <![CDATA[java.lang.Error: Unresolved compilation problems: 
Driver_setup cannot be resolved
EdgeDriver_Setup cannot be resolved

at testCases.ReUsed.SetUp(ReUsed.java:88)
at java.base/java.util.ArrayList.forEach(ArrayList.java:1596)
... Removed 23 stack frames]]>
    </failure>
  </testcase> <!-- @BeforeClass SetUp -->
  <testcase classname="testCases.ReUsed" name="@AfterClass TearDown" time="0.0">
    <skipped/>
  </testcase> <!-- @AfterClass TearDown -->
  <testcase classname="testCases.ReUsed" name="@BeforeClass SetUp" time="0.001">
    <failure type="java.lang.Error" message="Unresolved compilation problems: 
	Driver_setup cannot be resolved
	EdgeDriver_Setup cannot be resolved
">
      <![CDATA[java.lang.Error: Unresolved compilation problems: 
Driver_setup cannot be resolved
EdgeDriver_Setup cannot be resolved

at testCases.ReUsed.SetUp(ReUsed.java:88)
at java.base/java.util.ArrayList.forEach(ArrayList.java:1596)
... Removed 23 stack frames]]>
    </failure>
  </testcase> <!-- @BeforeClass SetUp -->
  <testcase classname="testCases.ReUsed" name="@AfterClass TearDown" time="0.0">
    <skipped/>
  </testcase> <!-- @AfterClass TearDown -->
  <testcase classname="testCases.ReUsed" name="@BeforeClass SetUp" time="0.001">
    <failure type="java.lang.Error" message="Unresolved compilation problems: 
	Driver_setup cannot be resolved
	EdgeDriver_Setup cannot be resolved
">
      <![CDATA[java.lang.Error: Unresolved compilation problems: 
Driver_setup cannot be resolved
EdgeDriver_Setup cannot be resolved

at testCases.ReUsed.SetUp(ReUsed.java:88)
at java.base/java.util.ArrayList.forEach(ArrayList.java:1596)
... Removed 23 stack frames]]>
    </failure>
  </testcase> <!-- @BeforeClass SetUp -->
  <testcase classname="testCases.ReUsed" name="@AfterClass TearDown" time="0.0">
    <skipped/>
  </testcase> <!-- @AfterClass TearDown -->
  <testcase classname="testCases.TC001_AccountRegTest" name="Account_reg" time="0.0">
    <skipped/>
  </testcase> <!-- Account_reg -->
  <testcase classname="testCases.TC002_Login_Test" name="Login_test" time="0.0">
    <skipped/>
  </testcase> <!-- Login_test -->
  <testcase classname="testCases.TC002_Login_Test" name="Verifying_PageTitle_test" time="0.0">
    <skipped/>
  </testcase> <!-- Verifying_PageTitle_test -->
  <testcase classname="testCases.TC004_Search_Products_Test" name="SearchTest" time="0.001">
    <skipped/>
  </testcase> <!-- SearchTest -->
</testsuite> <!-- Linux-ChromeTest -->
