<?xml version="1.0" encoding="UTF-8"?>
<testsuite xmlns:xsi="http://www.w3.org/2001/XMLSchema-instance" xsi:noNamespaceSchemaLocation="https://maven.apache.org/surefire/maven-surefire-plugin/xsd/surefire-test-report-3.0.xsd" version="3.0" name="TestSuite" time="142.776" tests="14" errors="0" skipped="0" failures="1">
  <properties>
    <property name="java.specification.version" value="21"/>
    <property name="sun.cpu.isalist" value="amd64"/>
    <property name="sun.jnu.encoding" value="Cp1252"/>
    <property name="sun.awt.enableExtraMouseButtons" value="true"/>
    <property name="java.class.path" value="C:\eclipse\Workplace\opencart_121\target\test-classes;C:\eclipse\Workplace\opencart_121\target\classes;C:\Users\gowth\.m2\repository\org\seleniumhq\selenium\selenium-java\4.20.0\selenium-java-4.20.0.jar;C:\Users\gowth\.m2\repository\org\seleniumhq\selenium\selenium-api\4.20.0\selenium-api-4.20.0.jar;C:\Users\gowth\.m2\repository\org\seleniumhq\selenium\selenium-chrome-driver\4.20.0\selenium-chrome-driver-4.20.0.jar;C:\Users\gowth\.m2\repository\com\google\auto\service\auto-service-annotations\1.1.1\auto-service-annotations-1.1.1.jar;C:\Users\gowth\.m2\repository\org\seleniumhq\selenium\selenium-chromium-driver\4.20.0\selenium-chromium-driver-4.20.0.jar;C:\Users\gowth\.m2\repository\org\seleniumhq\selenium\selenium-json\4.20.0\selenium-json-4.20.0.jar;C:\Users\gowth\.m2\repository\org\seleniumhq\selenium\selenium-manager\4.20.0\selenium-manager-4.20.0.jar;C:\Users\gowth\.m2\repository\org\seleniumhq\selenium\selenium-devtools-v122\4.20.0\selenium-devtools-v122-4.20.0.jar;C:\Users\gowth\.m2\repository\org\seleniumhq\selenium\selenium-devtools-v123\4.20.0\selenium-devtools-v123-4.20.0.jar;C:\Users\gowth\.m2\repository\org\seleniumhq\selenium\selenium-devtools-v124\4.20.0\selenium-devtools-v124-4.20.0.jar;C:\Users\gowth\.m2\repository\org\seleniumhq\selenium\selenium-devtools-v85\4.20.0\selenium-devtools-v85-4.20.0.jar;C:\Users\gowth\.m2\repository\org\seleniumhq\selenium\selenium-edge-driver\4.20.0\selenium-edge-driver-4.20.0.jar;C:\Users\gowth\.m2\repository\org\seleniumhq\selenium\selenium-firefox-driver\4.20.0\selenium-firefox-driver-4.20.0.jar;C:\Users\gowth\.m2\repository\org\seleniumhq\selenium\selenium-http\4.20.0\selenium-http-4.20.0.jar;C:\Users\gowth\.m2\repository\dev\failsafe\failsafe\3.3.2\failsafe-3.3.2.jar;C:\Users\gowth\.m2\repository\org\seleniumhq\selenium\selenium-ie-driver\4.20.0\selenium-ie-driver-4.20.0.jar;C:\Users\gowth\.m2\repository\org\seleniumhq\selenium\selenium-remote-driver\4.20.0\selenium-remote-driver-4.20.0.jar;C:\Users\gowth\.m2\repository\com\google\guava\guava\33.1.0-jre\guava-33.1.0-jre.jar;C:\Users\gowth\.m2\repository\com\google\guava\failureaccess\1.0.2\failureaccess-1.0.2.jar;C:\Users\gowth\.m2\repository\com\google\guava\listenablefuture\9999.0-empty-to-avoid-conflict-with-guava\listenablefuture-9999.0-empty-to-avoid-conflict-with-guava.jar;C:\Users\gowth\.m2\repository\com\google\code\findbugs\jsr305\3.0.2\jsr305-3.0.2.jar;C:\Users\gowth\.m2\repository\org\checkerframework\checker-qual\3.42.0\checker-qual-3.42.0.jar;C:\Users\gowth\.m2\repository\com\google\errorprone\error_prone_annotations\2.26.1\error_prone_annotations-2.26.1.jar;C:\Users\gowth\.m2\repository\com\google\j2objc\j2objc-annotations\3.0.0\j2objc-annotations-3.0.0.jar;C:\Users\gowth\.m2\repository\io\opentelemetry\semconv\opentelemetry-semconv\1.25.0-alpha\opentelemetry-semconv-1.25.0-alpha.jar;C:\Users\gowth\.m2\repository\io\opentelemetry\opentelemetry-api\1.37.0\opentelemetry-api-1.37.0.jar;C:\Users\gowth\.m2\repository\io\opentelemetry\opentelemetry-context\1.37.0\opentelemetry-context-1.37.0.jar;C:\Users\gowth\.m2\repository\io\opentelemetry\opentelemetry-exporter-logging\1.37.0\opentelemetry-exporter-logging-1.37.0.jar;C:\Users\gowth\.m2\repository\io\opentelemetry\opentelemetry-sdk-common\1.37.0\opentelemetry-sdk-common-1.37.0.jar;C:\Users\gowth\.m2\repository\io\opentelemetry\opentelemetry-sdk-extension-autoconfigure-spi\1.37.0\opentelemetry-sdk-extension-autoconfigure-spi-1.37.0.jar;C:\Users\gowth\.m2\repository\io\opentelemetry\opentelemetry-sdk-extension-autoconfigure\1.37.0\opentelemetry-sdk-extension-autoconfigure-1.37.0.jar;C:\Users\gowth\.m2\repository\io\opentelemetry\opentelemetry-api-incubator\1.37.0-alpha\opentelemetry-api-incubator-1.37.0-alpha.jar;C:\Users\gowth\.m2\repository\io\opentelemetry\opentelemetry-sdk-trace\1.37.0\opentelemetry-sdk-trace-1.37.0.jar;C:\Users\gowth\.m2\repository\io\opentelemetry\opentelemetry-sdk\1.37.0\opentelemetry-sdk-1.37.0.jar;C:\Users\gowth\.m2\repository\io\opentelemetry\opentelemetry-sdk-metrics\1.37.0\opentelemetry-sdk-metrics-1.37.0.jar;C:\Users\gowth\.m2\repository\io\opentelemetry\opentelemetry-sdk-logs\1.37.0\opentelemetry-sdk-logs-1.37.0.jar;C:\Users\gowth\.m2\repository\net\bytebuddy\byte-buddy\1.14.14\byte-buddy-1.14.14.jar;C:\Users\gowth\.m2\repository\org\seleniumhq\selenium\selenium-os\4.20.0\selenium-os-4.20.0.jar;C:\Users\gowth\.m2\repository\org\apache\commons\commons-exec\1.4.0\commons-exec-1.4.0.jar;C:\Users\gowth\.m2\repository\org\seleniumhq\selenium\selenium-safari-driver\4.20.0\selenium-safari-driver-4.20.0.jar;C:\Users\gowth\.m2\repository\org\seleniumhq\selenium\selenium-support\4.20.0\selenium-support-4.20.0.jar;C:\Users\gowth\.m2\repository\org\apache\poi\poi\5.2.5\poi-5.2.5.jar;C:\Users\gowth\.m2\repository\commons-codec\commons-codec\1.16.0\commons-codec-1.16.0.jar;C:\Users\gowth\.m2\repository\org\apache\commons\commons-collections4\4.4\commons-collections4-4.4.jar;C:\Users\gowth\.m2\repository\org\apache\commons\commons-math3\3.6.1\commons-math3-3.6.1.jar;C:\Users\gowth\.m2\repository\com\zaxxer\SparseBitSet\1.3\SparseBitSet-1.3.jar;C:\Users\gowth\.m2\repository\org\apache\poi\poi-ooxml\5.2.5\poi-ooxml-5.2.5.jar;C:\Users\gowth\.m2\repository\org\apache\poi\poi-ooxml-lite\5.2.5\poi-ooxml-lite-5.2.5.jar;C:\Users\gowth\.m2\repository\org\apache\xmlbeans\xmlbeans\5.2.0\xmlbeans-5.2.0.jar;C:\Users\gowth\.m2\repository\org\apache\commons\commons-compress\1.25.0\commons-compress-1.25.0.jar;C:\Users\gowth\.m2\repository\com\github\virtuald\curvesapi\1.08\curvesapi-1.08.jar;C:\Users\gowth\.m2\repository\commons-io\commons-io\2.13.0\commons-io-2.13.0.jar;C:\Users\gowth\.m2\repository\org\apache\commons\commons-lang3\3.12.0\commons-lang3-3.12.0.jar;C:\Users\gowth\.m2\repository\org\apache\logging\log4j\log4j-slf4j-impl\2.23.1\log4j-slf4j-impl-2.23.1.jar;C:\Users\gowth\.m2\repository\org\slf4j\slf4j-api\1.7.36\slf4j-api-1.7.36.jar;C:\Users\gowth\.m2\repository\org\apache\logging\log4j\log4j-core\2.23.1\log4j-core-2.23.1.jar;C:\Users\gowth\.m2\repository\org\apache\logging\log4j\log4j-api\2.23.1\log4j-api-2.23.1.jar;C:\Users\gowth\.m2\repository\com\aventstack\extentreports\5.1.1\extentreports-5.1.1.jar;C:\Users\gowth\.m2\repository\io\reactivex\rxjava3\rxjava\3.1.6\rxjava-3.1.6.jar;C:\Users\gowth\.m2\repository\org\reactivestreams\reactive-streams\1.0.4\reactive-streams-1.0.4.jar;C:\Users\gowth\.m2\repository\org\freemarker\freemarker\2.3.32\freemarker-2.3.32.jar;C:\Users\gowth\.m2\repository\org\projectlombok\lombok\1.18.26\lombok-1.18.26.jar;C:\Users\gowth\.m2\repository\com\google\code\gson\gson\2.10.1\gson-2.10.1.jar;C:\Users\gowth\.m2\repository\org\testng\testng\7.8.0\testng-7.8.0.jar;C:\Users\gowth\.m2\repository\com\beust\jcommander\1.82\jcommander-1.82.jar;C:\Users\gowth\.m2\repository\org\webjars\jquery\3.6.1\jquery-3.6.1.jar;"/>
    <property name="java.vm.vendor" value="Oracle Corporation"/>
    <property name="sun.arch.data.model" value="64"/>
    <property name="user.variant" value=""/>
    <property name="java.vendor.url" value="https://java.oracle.com/"/>
    <property name="user.timezone" value="Asia/Calcutta"/>
    <property name="os.name" value="Windows 11"/>
    <property name="java.vm.specification.version" value="21"/>
    <property name="sun.java.launcher" value="SUN_STANDARD"/>
    <property name="user.country" value="IN"/>
    <property name="sun.boot.library.path" value="C:\Program Files\Java\jdk-21\bin"/>
    <property name="sun.java.command" value="C:\Users\gowth\AppData\Local\Temp\surefire10101667461343384744\surefirebooter-20250122113615189_3.jar C:\Users\gowth\AppData\Local\Temp\surefire10101667461343384744 2025-01-22T11-36-14_997-jvmRun1 surefire-20250122113615189_1tmp surefire_0-20250122113615189_2tmp"/>
    <property name="jdk.debug" value="release"/>
    <property name="surefire.test.class.path" value="C:\eclipse\Workplace\opencart_121\target\test-classes;C:\eclipse\Workplace\opencart_121\target\classes;C:\Users\gowth\.m2\repository\org\seleniumhq\selenium\selenium-java\4.20.0\selenium-java-4.20.0.jar;C:\Users\gowth\.m2\repository\org\seleniumhq\selenium\selenium-api\4.20.0\selenium-api-4.20.0.jar;C:\Users\gowth\.m2\repository\org\seleniumhq\selenium\selenium-chrome-driver\4.20.0\selenium-chrome-driver-4.20.0.jar;C:\Users\gowth\.m2\repository\com\google\auto\service\auto-service-annotations\1.1.1\auto-service-annotations-1.1.1.jar;C:\Users\gowth\.m2\repository\org\seleniumhq\selenium\selenium-chromium-driver\4.20.0\selenium-chromium-driver-4.20.0.jar;C:\Users\gowth\.m2\repository\org\seleniumhq\selenium\selenium-json\4.20.0\selenium-json-4.20.0.jar;C:\Users\gowth\.m2\repository\org\seleniumhq\selenium\selenium-manager\4.20.0\selenium-manager-4.20.0.jar;C:\Users\gowth\.m2\repository\org\seleniumhq\selenium\selenium-devtools-v122\4.20.0\selenium-devtools-v122-4.20.0.jar;C:\Users\gowth\.m2\repository\org\seleniumhq\selenium\selenium-devtools-v123\4.20.0\selenium-devtools-v123-4.20.0.jar;C:\Users\gowth\.m2\repository\org\seleniumhq\selenium\selenium-devtools-v124\4.20.0\selenium-devtools-v124-4.20.0.jar;C:\Users\gowth\.m2\repository\org\seleniumhq\selenium\selenium-devtools-v85\4.20.0\selenium-devtools-v85-4.20.0.jar;C:\Users\gowth\.m2\repository\org\seleniumhq\selenium\selenium-edge-driver\4.20.0\selenium-edge-driver-4.20.0.jar;C:\Users\gowth\.m2\repository\org\seleniumhq\selenium\selenium-firefox-driver\4.20.0\selenium-firefox-driver-4.20.0.jar;C:\Users\gowth\.m2\repository\org\seleniumhq\selenium\selenium-http\4.20.0\selenium-http-4.20.0.jar;C:\Users\gowth\.m2\repository\dev\failsafe\failsafe\3.3.2\failsafe-3.3.2.jar;C:\Users\gowth\.m2\repository\org\seleniumhq\selenium\selenium-ie-driver\4.20.0\selenium-ie-driver-4.20.0.jar;C:\Users\gowth\.m2\repository\org\seleniumhq\selenium\selenium-remote-driver\4.20.0\selenium-remote-driver-4.20.0.jar;C:\Users\gowth\.m2\repository\com\google\guava\guava\33.1.0-jre\guava-33.1.0-jre.jar;C:\Users\gowth\.m2\repository\com\google\guava\failureaccess\1.0.2\failureaccess-1.0.2.jar;C:\Users\gowth\.m2\repository\com\google\guava\listenablefuture\9999.0-empty-to-avoid-conflict-with-guava\listenablefuture-9999.0-empty-to-avoid-conflict-with-guava.jar;C:\Users\gowth\.m2\repository\com\google\code\findbugs\jsr305\3.0.2\jsr305-3.0.2.jar;C:\Users\gowth\.m2\repository\org\checkerframework\checker-qual\3.42.0\checker-qual-3.42.0.jar;C:\Users\gowth\.m2\repository\com\google\errorprone\error_prone_annotations\2.26.1\error_prone_annotations-2.26.1.jar;C:\Users\gowth\.m2\repository\com\google\j2objc\j2objc-annotations\3.0.0\j2objc-annotations-3.0.0.jar;C:\Users\gowth\.m2\repository\io\opentelemetry\semconv\opentelemetry-semconv\1.25.0-alpha\opentelemetry-semconv-1.25.0-alpha.jar;C:\Users\gowth\.m2\repository\io\opentelemetry\opentelemetry-api\1.37.0\opentelemetry-api-1.37.0.jar;C:\Users\gowth\.m2\repository\io\opentelemetry\opentelemetry-context\1.37.0\opentelemetry-context-1.37.0.jar;C:\Users\gowth\.m2\repository\io\opentelemetry\opentelemetry-exporter-logging\1.37.0\opentelemetry-exporter-logging-1.37.0.jar;C:\Users\gowth\.m2\repository\io\opentelemetry\opentelemetry-sdk-common\1.37.0\opentelemetry-sdk-common-1.37.0.jar;C:\Users\gowth\.m2\repository\io\opentelemetry\opentelemetry-sdk-extension-autoconfigure-spi\1.37.0\opentelemetry-sdk-extension-autoconfigure-spi-1.37.0.jar;C:\Users\gowth\.m2\repository\io\opentelemetry\opentelemetry-sdk-extension-autoconfigure\1.37.0\opentelemetry-sdk-extension-autoconfigure-1.37.0.jar;C:\Users\gowth\.m2\repository\io\opentelemetry\opentelemetry-api-incubator\1.37.0-alpha\opentelemetry-api-incubator-1.37.0-alpha.jar;C:\Users\gowth\.m2\repository\io\opentelemetry\opentelemetry-sdk-trace\1.37.0\opentelemetry-sdk-trace-1.37.0.jar;C:\Users\gowth\.m2\repository\io\opentelemetry\opentelemetry-sdk\1.37.0\opentelemetry-sdk-1.37.0.jar;C:\Users\gowth\.m2\repository\io\opentelemetry\opentelemetry-sdk-metrics\1.37.0\opentelemetry-sdk-metrics-1.37.0.jar;C:\Users\gowth\.m2\repository\io\opentelemetry\opentelemetry-sdk-logs\1.37.0\opentelemetry-sdk-logs-1.37.0.jar;C:\Users\gowth\.m2\repository\net\bytebuddy\byte-buddy\1.14.14\byte-buddy-1.14.14.jar;C:\Users\gowth\.m2\repository\org\seleniumhq\selenium\selenium-os\4.20.0\selenium-os-4.20.0.jar;C:\Users\gowth\.m2\repository\org\apache\commons\commons-exec\1.4.0\commons-exec-1.4.0.jar;C:\Users\gowth\.m2\repository\org\seleniumhq\selenium\selenium-safari-driver\4.20.0\selenium-safari-driver-4.20.0.jar;C:\Users\gowth\.m2\repository\org\seleniumhq\selenium\selenium-support\4.20.0\selenium-support-4.20.0.jar;C:\Users\gowth\.m2\repository\org\apache\poi\poi\5.2.5\poi-5.2.5.jar;C:\Users\gowth\.m2\repository\commons-codec\commons-codec\1.16.0\commons-codec-1.16.0.jar;C:\Users\gowth\.m2\repository\org\apache\commons\commons-collections4\4.4\commons-collections4-4.4.jar;C:\Users\gowth\.m2\repository\org\apache\commons\commons-math3\3.6.1\commons-math3-3.6.1.jar;C:\Users\gowth\.m2\repository\com\zaxxer\SparseBitSet\1.3\SparseBitSet-1.3.jar;C:\Users\gowth\.m2\repository\org\apache\poi\poi-ooxml\5.2.5\poi-ooxml-5.2.5.jar;C:\Users\gowth\.m2\repository\org\apache\poi\poi-ooxml-lite\5.2.5\poi-ooxml-lite-5.2.5.jar;C:\Users\gowth\.m2\repository\org\apache\xmlbeans\xmlbeans\5.2.0\xmlbeans-5.2.0.jar;C:\Users\gowth\.m2\repository\org\apache\commons\commons-compress\1.25.0\commons-compress-1.25.0.jar;C:\Users\gowth\.m2\repository\com\github\virtuald\curvesapi\1.08\curvesapi-1.08.jar;C:\Users\gowth\.m2\repository\commons-io\commons-io\2.13.0\commons-io-2.13.0.jar;C:\Users\gowth\.m2\repository\org\apache\commons\commons-lang3\3.12.0\commons-lang3-3.12.0.jar;C:\Users\gowth\.m2\repository\org\apache\logging\log4j\log4j-slf4j-impl\2.23.1\log4j-slf4j-impl-2.23.1.jar;C:\Users\gowth\.m2\repository\org\slf4j\slf4j-api\1.7.36\slf4j-api-1.7.36.jar;C:\Users\gowth\.m2\repository\org\apache\logging\log4j\log4j-core\2.23.1\log4j-core-2.23.1.jar;C:\Users\gowth\.m2\repository\org\apache\logging\log4j\log4j-api\2.23.1\log4j-api-2.23.1.jar;C:\Users\gowth\.m2\repository\com\aventstack\extentreports\5.1.1\extentreports-5.1.1.jar;C:\Users\gowth\.m2\repository\io\reactivex\rxjava3\rxjava\3.1.6\rxjava-3.1.6.jar;C:\Users\gowth\.m2\repository\org\reactivestreams\reactive-streams\1.0.4\reactive-streams-1.0.4.jar;C:\Users\gowth\.m2\repository\org\freemarker\freemarker\2.3.32\freemarker-2.3.32.jar;C:\Users\gowth\.m2\repository\org\projectlombok\lombok\1.18.26\lombok-1.18.26.jar;C:\Users\gowth\.m2\repository\com\google\code\gson\gson\2.10.1\gson-2.10.1.jar;C:\Users\gowth\.m2\repository\org\testng\testng\7.8.0\testng-7.8.0.jar;C:\Users\gowth\.m2\repository\com\beust\jcommander\1.82\jcommander-1.82.jar;C:\Users\gowth\.m2\repository\org\webjars\jquery\3.6.1\jquery-3.6.1.jar;"/>
    <property name="sun.cpu.endian" value="little"/>
    <property name="user.home" value="C:\Users\gowth"/>
    <property name="user.language" value="en"/>
    <property name="java.specification.vendor" value="Oracle Corporation"/>
    <property name="java.version.date" value="2024-10-15"/>
    <property name="java.home" value="C:\Program Files\Java\jdk-21"/>
    <property name="file.separator" value="\"/>
    <property name="basedir" value="C:\eclipse\Workplace\opencart_121"/>
    <property name="style.color" value="always"/>
    <property name="java.vm.compressedOopsMode" value="Zero based"/>
    <property name="line.separator" value="&#10;"/>
    <property name="java.vm.specification.vendor" value="Oracle Corporation"/>
    <property name="java.specification.name" value="Java Platform API Specification"/>
    <property name="surefire.real.class.path" value="C:\Users\gowth\AppData\Local\Temp\surefire10101667461343384744\surefirebooter-20250122113615189_3.jar"/>
    <property name="user.script" value=""/>
    <property name="sun.management.compiler" value="HotSpot 64-Bit Tiered Compilers"/>
    <property name="java.runtime.version" value="21.0.5+9-LTS-239"/>
    <property name="user.name" value="gowth"/>
    <property name="stdout.encoding" value="Cp1252"/>
    <property name="path.separator" value=";"/>
    <property name="otel.metrics.exporter" value="none"/>
    <property name="os.version" value="10.0"/>
    <property name="java.runtime.name" value="Java(TM) SE Runtime Environment"/>
    <property name="otel.traces.exporter" value="none"/>
    <property name="file.encoding" value="UTF-8"/>
    <property name="java.vm.name" value="Java HotSpot(TM) 64-Bit Server VM"/>
    <property name="localRepository" value="C:\Users\gowth\.m2\repository"/>
    <property name="java.vendor.url.bug" value="https://bugreport.java.com/bugreport/"/>
    <property name="otel.logs.exporter" value="none"/>
    <property name="java.io.tmpdir" value="C:\Users\gowth\AppData\Local\Temp\"/>
    <property name="java.version" value="21.0.5"/>
    <property name="user.dir" value="C:\eclipse\Workplace\opencart_121"/>
    <property name="os.arch" value="amd64"/>
    <property name="java.vm.specification.name" value="Java Virtual Machine Specification"/>
    <property name="sun.os.patch.level" value=""/>
    <property name="native.encoding" value="Cp1252"/>
    <property name="java.library.path" value="C:\Program Files\Java\jdk-21\bin;C:\WINDOWS\Sun\Java\bin;C:\WINDOWS\system32;C:\WINDOWS;C:/Program Files/Java/jdk-21/bin/server;C:/Program Files/Java/jdk-21/bin;C:\WINDOWS\system32;C:\WINDOWS;C:\WINDOWS\System32\Wbem;C:\WINDOWS\System32\WindowsPowerShell\v1.0\;C:\WINDOWS\System32\OpenSSH\;C:\Program Files\dotnet\;C:\Program Files\Amazon\AWSCLIV2\;C:\Program Files\Git\cmd;C:\selenium-drivers;C:\Program Files\apache-maven-3.9.9\bin;C:\Program Files\Java\jdk-21\bin;C:\Users\gowth\AppData\Local\Programs\Python\Python312\Scripts\;C:\Users\gowth\AppData\Local\Programs\Python\Python312\;C:\Users\gowth\AppData\Local\Microsoft\WindowsApps;C:\Users\gowth\AppData\Local\Programs\Microsoft VS Code\bin;C:\Users\gowth\AppData\Local\GitHubDesktop\bin;;C:\WINDOWS\System32;;."/>
    <property name="java.vm.info" value="mixed mode, sharing"/>
    <property name="stderr.encoding" value="Cp1252"/>
    <property name="java.vendor" value="Oracle Corporation"/>
    <property name="java.vm.version" value="21.0.5+9-LTS-239"/>
    <property name="sun.io.unicode.encoding" value="UnicodeLittle"/>
    <property name="java.class.version" value="65.0"/>
  </properties>
  <testcase name="Account_reg" classname="testCases.TC001_AccountRegTest" time="8.097">
    <system-out><![CDATA[11:36:16.310 [main] DEBUG org.testng.TestNG - suiteXmlPath: "C:\eclipse\Workplace\opencart_121\Grid.xml"
11:36:21.974 [main] INFO  testCases.TC001_AccountRegTest - Starting TC001_AccountRegTest
11:36:22.563 [main] INFO  testCases.TC001_AccountRegTest - Clicked on My Account
11:36:23.420 [main] INFO  testCases.TC001_AccountRegTest - Clicked on Register
11:36:23.421 [main] INFO  testCases.TC001_AccountRegTest - Providing the customer details
11:36:29.551 [main] INFO  testCases.TC001_AccountRegTest - Verifying the Conformation Message
11:36:30.055 [main] INFO  testCases.TC001_AccountRegTest - TC001_AccountRegTest Finished
]]></system-out>
    <system-err><![CDATA[Jan 22, 2025 11:36:16 AM org.openqa.selenium.remote.tracing.opentelemetry.OpenTelemetryTracer createTracer
INFO: Using OpenTelemetry for tracing
]]></system-err>
  </testcase>
  <testcase name="Account_reg" classname="testCases.TC001_AccountRegTest" time="7.708">
    <system-out><![CDATA[11:37:19.570 [main] INFO  testCases.TC007_Modifying_Cart_Test - Driver closed successfully.
11:37:27.273 [main] INFO  testCases.TC001_AccountRegTest - Starting TC001_AccountRegTest
11:37:27.987 [main] INFO  testCases.TC001_AccountRegTest - Clicked on My Account
11:37:29.386 [main] INFO  testCases.TC001_AccountRegTest - Clicked on Register
11:37:29.386 [main] INFO  testCases.TC001_AccountRegTest - Providing the customer details
11:37:34.505 [main] INFO  testCases.TC001_AccountRegTest - Verifying the Conformation Message
11:37:34.981 [main] INFO  testCases.TC001_AccountRegTest - TC001_AccountRegTest Finished
]]></system-out>
  </testcase>
  <testcase name="Login_test" classname="testCases.TC002_Login_Test" time="6.414">
    <system-out><![CDATA[11:36:30.400 [main] INFO  testCases.TC001_AccountRegTest - Driver closed successfully.
11:36:34.645 [main] INFO  testCases.TC002_Login_Test - Executing the Login
11:36:38.993 [main] INFO  testCases.TC002_Login_Test - Clicked on the Login Button
11:36:41.057 [main] INFO  testCases.TC002_Login_Test - Login Sucessfull And Test Has Finished
]]></system-out>
  </testcase>
  <testcase name="Login_test" classname="testCases.TC002_Login_Test" time="5.908">
    <system-out><![CDATA[11:37:35.954 [main] INFO  testCases.TC001_AccountRegTest - Driver closed successfully.
11:37:42.410 [main] INFO  testCases.TC002_Login_Test - Executing the Login
11:37:46.647 [main] INFO  testCases.TC002_Login_Test - Clicked on the Login Button
11:37:48.318 [main] INFO  testCases.TC002_Login_Test - Login Sucessfull And Test Has Finished
]]></system-out>
  </testcase>
  <testcase name="Verifying_PageTitle_test" classname="testCases.TC002_Login_Test" time="1.115">
    <system-out><![CDATA[11:36:41.061 [main] INFO  testCases.TC002_Login_Test - TC002_Login_test Started execution
11:36:41.062 [main] INFO  testCases.TC002_Login_Test - ***************Verifying the  Page Name ****************
11:36:42.174 [main] INFO  testCases.TC002_Login_Test - Page Tittle Verification Sucessfull
]]></system-out>
  </testcase>
  <testcase name="Verifying_PageTitle_test" classname="testCases.TC002_Login_Test" time="0.48">
    <system-out><![CDATA[11:37:48.331 [main] INFO  testCases.TC002_Login_Test - TC002_Login_test Started execution
11:37:48.331 [main] INFO  testCases.TC002_Login_Test - ***************Verifying the  Page Name ****************
11:37:48.811 [main] INFO  testCases.TC002_Login_Test - Page Tittle Verification Sucessfull
]]></system-out>
  </testcase>
  <testcase name="SearchTest" classname="testCases.TC004_Search_Products_Test" time="2.611">
    <system-out><![CDATA[11:36:42.503 [main] INFO  testCases.TC002_Login_Test - Driver closed successfully.
11:36:47.737 [main] INFO  testCases.TC004_Search_Products_Test - TC004_Search_Products_test Started execution
11:36:49.599 [main] INFO  testCases.TC004_Search_Products_Test - Given The Search string item and verifying it 
11:36:50.347 [main] INFO  testCases.TC004_Search_Products_Test - TC004_Search_Products_test execution Completed
]]></system-out>
  </testcase>
  <testcase name="SearchTest" classname="testCases.TC004_Search_Products_Test" time="2.756">
    <system-out><![CDATA[11:37:49.783 [main] INFO  testCases.TC002_Login_Test - Driver closed successfully.
11:37:56.352 [main] INFO  testCases.TC004_Search_Products_Test - TC004_Search_Products_test Started execution
11:37:58.384 [main] INFO  testCases.TC004_Search_Products_Test - Given The Search string item and verifying it 
11:37:59.108 [main] INFO  testCases.TC004_Search_Products_Test - TC004_Search_Products_test execution Completed
]]></system-out>
  </testcase>
  <testcase name="Add_to_Cart" classname="testCases.TC005_Add_to_Cart_Test" time="2.579">
    <system-out><![CDATA[11:36:50.666 [main] INFO  testCases.TC004_Search_Products_Test - Driver closed successfully.
11:36:55.636 [main] INFO  testCases.TC005_Add_to_Cart_Test - TC005_Add_to_Cart_Test Started Executing
11:36:55.636 [main] INFO  testCases.TC005_Add_to_Cart_Test - Navigating to the Home Page
11:36:55.636 [main] INFO  testCases.TC005_Add_to_Cart_Test - Clicking on the MacBook
11:36:57.068 [main] INFO  testCases.TC005_Add_to_Cart_Test - Clicking on the Add to Cart button
11:36:57.635 [main] INFO  testCases.TC005_Add_to_Cart_Test - Verifying the success text
11:36:58.213 [main] INFO  testCases.TC005_Add_to_Cart_Test - Sucess Text is As Expected
11:36:58.213 [main] INFO  testCases.TC005_Add_to_Cart_Test - Add to Cart test has been completed
]]></system-out>
  </testcase>
  <testcase name="Add_to_Cart" classname="testCases.TC005_Add_to_Cart_Test" time="3.279">
    <system-out><![CDATA[11:38:00.178 [main] INFO  testCases.TC004_Search_Products_Test - Driver closed successfully.
11:38:06.658 [main] INFO  testCases.TC005_Add_to_Cart_Test - TC005_Add_to_Cart_Test Started Executing
11:38:06.658 [main] INFO  testCases.TC005_Add_to_Cart_Test - Navigating to the Home Page
11:38:06.658 [main] INFO  testCases.TC005_Add_to_Cart_Test - Clicking on the MacBook
11:38:08.050 [main] INFO  testCases.TC005_Add_to_Cart_Test - Clicking on the Add to Cart button
11:38:09.440 [main] INFO  testCases.TC005_Add_to_Cart_Test - Verifying the success text
11:38:09.936 [main] INFO  testCases.TC005_Add_to_Cart_Test - Sucess Text is As Expected
11:38:09.936 [main] INFO  testCases.TC005_Add_to_Cart_Test - Add to Cart test has been completed
]]></system-out>
  </testcase>
  <testcase name="Add_to_Cart_and_Checkout" classname="testCases.TC006_Checkout_Test" time="4.274">
    <failure message="stale element reference: stale element not found in the current frame&#10;  (Session info: chrome=132.0.6834.83)&#10;For documentation on this error, please visit: https://www.selenium.dev/documentation/webdriver/troubleshooting/errors#stale-element-reference-exception&#10;Build info: version: &apos;4.20.0&apos;, revision: &apos;866c76ca80&apos;&#10;System info: os.name: &apos;Windows 11&apos;, os.arch: &apos;amd64&apos;, os.version: &apos;10.0&apos;, java.version: &apos;21.0.5&apos;&#10;Driver info: org.openqa.selenium.remote.RemoteWebDriver&#10;Command: [6a50a228d33dfa81d1a10d437ec21197, clickElement {id=f.3EB994D72B5CC4E4DEB574FBED5ACC9C.d.303F50F08EB4A39CF5820B80D3053B47.e.177}]&#10;Capabilities {acceptInsecureCerts: false, browserName: chrome, browserVersion: 132.0.6834.83, chrome: {chromedriverVersion: 132.0.6834.83 (03d59cf5ecf1..., userDataDir: /tmp/.org.chromium.Chromium...}, fedcm:accounts: true, goog:chromeOptions: {debuggerAddress: localhost:42679}, networkConnectionEnabled: false, pageLoadStrategy: normal, platformName: linux, proxy: Proxy(), se:bidiEnabled: false, se:cdp: ws://172.18.0.3:4444/sessio..., se:cdpVersion: 132.0.6834.83, se:containerName: , se:noVncPort: 7900, se:vnc: ws://172.18.0.3:4444/sessio..., se:vncEnabled: true, se:vncLocalAddress: ws://172.18.0.3:7900, setWindowRect: true, strictFileInteractability: false, timeouts: {implicit: 0, pageLoad: 300000, script: 30000}, unhandledPromptBehavior: dismiss and notify, webauthn:extension:credBlob: true, webauthn:extension:largeBlob: true, webauthn:extension:minPinLength: true, webauthn:extension:prf: true, webauthn:virtualAuthenticators: true}&#10;Element: [[RemoteWebDriver: chrome on linux (6a50a228d33dfa81d1a10d437ec21197)] -&gt; xpath: //span[@id=&apos;cart-total&apos;]]&#10;Session ID: 6a50a228d33dfa81d1a10d437ec21197" type="org.openqa.selenium.StaleElementReferenceException"><![CDATA[org.openqa.selenium.StaleElementReferenceException: 
stale element reference: stale element not found in the current frame
  (Session info: chrome=132.0.6834.83)
For documentation on this error, please visit: https://www.selenium.dev/documentation/webdriver/troubleshooting/errors#stale-element-reference-exception
Build info: version: '4.20.0', revision: '866c76ca80'
System info: os.name: 'Windows 11', os.arch: 'amd64', os.version: '10.0', java.version: '21.0.5'
Driver info: org.openqa.selenium.remote.RemoteWebDriver
Command: [6a50a228d33dfa81d1a10d437ec21197, clickElement {id=f.3EB994D72B5CC4E4DEB574FBED5ACC9C.d.303F50F08EB4A39CF5820B80D3053B47.e.177}]
Capabilities {acceptInsecureCerts: false, browserName: chrome, browserVersion: 132.0.6834.83, chrome: {chromedriverVersion: 132.0.6834.83 (03d59cf5ecf1..., userDataDir: /tmp/.org.chromium.Chromium...}, fedcm:accounts: true, goog:chromeOptions: {debuggerAddress: localhost:42679}, networkConnectionEnabled: false, pageLoadStrategy: normal, platformName: linux, proxy: Proxy(), se:bidiEnabled: false, se:cdp: ws://172.18.0.3:4444/sessio..., se:cdpVersion: 132.0.6834.83, se:containerName: , se:noVncPort: 7900, se:vnc: ws://172.18.0.3:4444/sessio..., se:vncEnabled: true, se:vncLocalAddress: ws://172.18.0.3:7900, setWindowRect: true, strictFileInteractability: false, timeouts: {implicit: 0, pageLoad: 300000, script: 30000}, unhandledPromptBehavior: dismiss and notify, webauthn:extension:credBlob: true, webauthn:extension:largeBlob: true, webauthn:extension:minPinLength: true, webauthn:extension:prf: true, webauthn:virtualAuthenticators: true}
Element: [[RemoteWebDriver: chrome on linux (6a50a228d33dfa81d1a10d437ec21197)] -> xpath: //span[@id='cart-total']]
Session ID: 6a50a228d33dfa81d1a10d437ec21197
	at java.base/jdk.internal.reflect.DirectConstructorHandleAccessor.newInstance(DirectConstructorHandleAccessor.java:62)
	at java.base/java.lang.reflect.Constructor.newInstanceWithCaller(Constructor.java:502)
	at java.base/java.lang.reflect.Constructor.newInstance(Constructor.java:486)
	at org.openqa.selenium.remote.ErrorCodec.decode(ErrorCodec.java:167)
	at org.openqa.selenium.remote.codec.w3c.W3CHttpResponseCodec.decode(W3CHttpResponseCodec.java:138)
	at org.openqa.selenium.remote.codec.w3c.W3CHttpResponseCodec.decode(W3CHttpResponseCodec.java:50)
	at org.openqa.selenium.remote.HttpCommandExecutor.execute(HttpCommandExecutor.java:190)
	at org.openqa.selenium.remote.TracedCommandExecutor.execute(TracedCommandExecutor.java:51)
	at org.openqa.selenium.remote.RemoteWebDriver.execute(RemoteWebDriver.java:518)
	at org.openqa.selenium.remote.RemoteWebElement.execute(RemoteWebElement.java:223)
	at org.openqa.selenium.remote.RemoteWebElement.click(RemoteWebElement.java:76)
	at java.base/jdk.internal.reflect.DirectMethodHandleAccessor.invoke(DirectMethodHandleAccessor.java:103)
	at java.base/java.lang.reflect.Method.invoke(Method.java:580)
	at org.openqa.selenium.support.pagefactory.internal.LocatingElementHandler.invoke(LocatingElementHandler.java:51)
	at jdk.proxy2/jdk.proxy2.$Proxy27.click(Unknown Source)
	at pageObjects.Products_page.ClickOnFinalCart(Products_page.java:73)
	at testCases.TC006_Checkout_Test.Add_to_Cart_and_Checkout(TC006_Checkout_Test.java:34)
	at java.base/jdk.internal.reflect.DirectMethodHandleAccessor.invoke(DirectMethodHandleAccessor.java:103)
	at java.base/java.lang.reflect.Method.invoke(Method.java:580)
	at org.testng.internal.invokers.MethodInvocationHelper.invokeMethod(MethodInvocationHelper.java:139)
	at org.testng.internal.invokers.TestInvoker.invokeMethod(TestInvoker.java:664)
	at org.testng.internal.invokers.TestInvoker.invokeTestMethod(TestInvoker.java:227)
	at org.testng.internal.invokers.MethodRunner.runInSequence(MethodRunner.java:50)
	at org.testng.internal.invokers.TestInvoker$MethodInvocationAgent.invoke(TestInvoker.java:957)
	at org.testng.internal.invokers.TestInvoker.invokeTestMethods(TestInvoker.java:200)
	at org.testng.internal.invokers.TestMethodWorker.invokeTestMethods(TestMethodWorker.java:148)
	at org.testng.internal.invokers.TestMethodWorker.run(TestMethodWorker.java:128)
	at java.base/java.util.ArrayList.forEach(ArrayList.java:1596)
	at org.testng.TestRunner.privateRun(TestRunner.java:848)
	at org.testng.TestRunner.run(TestRunner.java:621)
	at org.testng.SuiteRunner.runTest(SuiteRunner.java:443)
	at org.testng.SuiteRunner.runSequentially(SuiteRunner.java:437)
	at org.testng.SuiteRunner.privateRun(SuiteRunner.java:397)
	at org.testng.SuiteRunner.run(SuiteRunner.java:336)
	at org.testng.SuiteRunnerWorker.runSuite(SuiteRunnerWorker.java:52)
	at org.testng.SuiteRunnerWorker.run(SuiteRunnerWorker.java:95)
	at org.testng.TestNG.runSuitesSequentially(TestNG.java:1280)
	at org.testng.TestNG.runSuitesLocally(TestNG.java:1200)
	at org.testng.TestNG.runSuites(TestNG.java:1114)
	at org.testng.TestNG.run(TestNG.java:1082)
	at org.apache.maven.surefire.testng.TestNGExecutor.run(TestNGExecutor.java:308)
	at org.apache.maven.surefire.testng.TestNGXmlTestSuite.execute(TestNGXmlTestSuite.java:71)
	at org.apache.maven.surefire.testng.TestNGProvider.invoke(TestNGProvider.java:113)
	at org.apache.maven.surefire.booter.ForkedBooter.runSuitesInProcess(ForkedBooter.java:385)
	at org.apache.maven.surefire.booter.ForkedBooter.execute(ForkedBooter.java:162)
	at org.apache.maven.surefire.booter.ForkedBooter.run(ForkedBooter.java:507)
	at org.apache.maven.surefire.booter.ForkedBooter.main(ForkedBooter.java:495)
]]></failure>
    <system-out><![CDATA[11:36:58.533 [main] INFO  testCases.TC005_Add_to_Cart_Test - Driver closed successfully.
11:37:03.427 [main] INFO  testCases.TC006_Checkout_Test - TC006_Checkout_Test Started Executing
11:37:03.427 [main] INFO  testCases.TC006_Checkout_Test - Navigating to the Home Page
11:37:03.428 [main] INFO  testCases.TC006_Checkout_Test - TC006_Checkout_Test Execution Started
11:37:05.188 [main] INFO  testCases.TC006_Checkout_Test - Clicking on the Add to Cart button
11:37:05.777 [main] INFO  testCases.TC006_Checkout_Test - Navigating to the Cart page
]]></system-out>
  </testcase>
  <testcase name="Add_to_Cart_and_Checkout" classname="testCases.TC006_Checkout_Test" time="5.483">
    <system-out><![CDATA[11:38:10.902 [main] INFO  testCases.TC005_Add_to_Cart_Test - Driver closed successfully.
11:38:17.345 [main] INFO  testCases.TC006_Checkout_Test - TC006_Checkout_Test Started Executing
11:38:17.345 [main] INFO  testCases.TC006_Checkout_Test - Navigating to the Home Page
11:38:17.345 [main] INFO  testCases.TC006_Checkout_Test - TC006_Checkout_Test Execution Started
11:38:18.683 [main] INFO  testCases.TC006_Checkout_Test - Clicking on the Add to Cart button
11:38:19.363 [main] INFO  testCases.TC006_Checkout_Test - Navigating to the Cart page
11:38:20.029 [main] INFO  testCases.TC006_Checkout_Test - Navigating to the Checkout page
11:38:22.361 [main] INFO  testCases.TC006_Checkout_Test - Verifying the success text
11:38:22.827 [main] INFO  testCases.TC006_Checkout_Test - THe Sucess txt is displayed As expected
11:38:22.827 [main] INFO  testCases.TC006_Checkout_Test - Checkout test has been completed successfully.
]]></system-out>
  </testcase>
  <testcase name="Modifying_Cart_Test" classname="testCases.TC007_Modifying_Cart_Test" time="6.655">
    <system-out><![CDATA[2025-01-22T06:07:08.028968900Z main ERROR Unable to delete file C:\eclipse\Workplace\opencart_121\.\logs\automation.log: java.nio.file.FileSystemException C:\eclipse\Workplace\opencart_121\.\logs\automation.log: The process cannot access the file because it is being used by another process
11:37:08.020 [main] INFO  testCases.TC006_Checkout_Test - Driver closed successfully.
11:37:12.591 [main] INFO  testCases.TC007_Modifying_Cart_Test - TC007_Modifying_Cart_Test Started Executing
11:37:15.149 [main] INFO  testCases.TC007_Modifying_Cart_Test - Sucessfully Item is added to the cart
11:37:15.716 [main] INFO  testCases.TC007_Modifying_Cart_Test - Navigating to the Checkout page
11:37:16.918 [main] INFO  testCases.TC007_Modifying_Cart_Test - Giving the input Value
11:37:19.244 [main] INFO  testCases.TC007_Modifying_Cart_Test - The Message Which is Expected is sucessfully displayed
11:37:19.244 [main] INFO  testCases.TC007_Modifying_Cart_Test - TC007_Modifying_Cart_Test has been completed successfully.
]]></system-out>
  </testcase>
  <testcase name="Modifying_Cart_Test" classname="testCases.TC007_Modifying_Cart_Test" time="6.519">
    <system-out><![CDATA[11:38:23.893 [main] INFO  testCases.TC006_Checkout_Test - Driver closed successfully.
11:38:30.222 [main] INFO  testCases.TC007_Modifying_Cart_Test - TC007_Modifying_Cart_Test Started Executing
11:38:32.757 [main] INFO  testCases.TC007_Modifying_Cart_Test - Sucessfully Item is added to the cart
11:38:33.426 [main] INFO  testCases.TC007_Modifying_Cart_Test - Navigating to the Checkout page
11:38:34.588 [main] INFO  testCases.TC007_Modifying_Cart_Test - Giving the input Value
11:38:36.741 [main] INFO  testCases.TC007_Modifying_Cart_Test - The Message Which is Expected is sucessfully displayed
11:38:36.741 [main] INFO  testCases.TC007_Modifying_Cart_Test - TC007_Modifying_Cart_Test has been completed successfully.
]]></system-out>
  </testcase>
</testsuite>